<?xml version="1.0" encoding="UTF-8"?>
<testng-results ignored="0" total="1" passed="1" failed="0" skipped="0">
  <reporter-output>
  </reporter-output>
  <suite started-at="2024-11-16T12:10:52 IST" name="Default suite" finished-at="2024-11-16T12:11:04 IST" duration-ms="12438">
    <groups>
    </groups>
    <test started-at="2024-11-16T12:10:52 IST" name="Default test" finished-at="2024-11-16T12:11:04 IST" duration-ms="12438">
      <class name="TestExecution.Excute">
        <test-method is-config="true" signature="LaunchApplication()[pri:0, instance:TestExecution.Excute@13c9d689]" started-at="2024-11-16T12:10:52 IST" name="LaunchApplication" finished-at="2024-11-16T12:10:59 IST" duration-ms="7187" status="PASS">
          <reporter-output>
          </reporter-output>
        </test-method> <!-- LaunchApplication -->
        <test-method signature="executeTest()[pri:0, instance:TestExecution.Excute@13c9d689]" started-at="2024-11-16T12:10:59 IST" name="executeTest" finished-at="2024-11-16T12:10:59 IST" duration-ms="24" status="PASS">
          <reporter-output>
          </reporter-output>
        </test-method> <!-- executeTest -->
        <test-method is-config="true" signature="TearDown()[pri:0, instance:TestExecution.Excute@13c9d689]" started-at="2024-11-16T12:10:59 IST" name="TearDown" finished-at="2024-11-16T12:11:04 IST" duration-ms="5149" status="PASS">
          <reporter-output>
          </reporter-output>
        </test-method> <!-- TearDown -->
      </class> <!-- TestExecution.Excute -->
    </test> <!-- Default test -->
  </suite> <!-- Default suite -->
</testng-results>
